TYPE 400ZZZ          THERE IS ADDITIONAL LIBRARY SUITABLE PARAMETER SET NUMBER 1. PARAMETERS: TM=575.00,GAM=  0.72,CB=0.78
TYPE 400ZZZ          THERE IS ADDITIONAL LIBRARY SUITABLE PARAMETER SET NUMBER 2. PARAMETERS: TM=585.00,GAM=  0.70,CB=0.80
TYPE 400ZZZ          THERE IS ADDITIONAL LIBRARY SUITABLE PARAMETER SET NUMBER 3. PARAMETERS: TM=561.00,GAM=  0.75,CB=0.80
TYPE 400ZZZ          THERE IS ADDITIONAL LIBRARY SUITABLE PARAMETER SET NUMBER 4. PARAMETERS: TM=393.00,GAM=  0.95,CB=1.00
TYPE 400ZZZ          THERE IS ADDITIONAL LIBRARY SUITABLE PARAMETER SET NUMBER 5. PARAMETERS: TM=300.00,GAM=  1.00,CB=1.20
TYPE 240ZZZ          THERE IS ADDITIONAL LIBRARY SUITABLE PARAMETER SET NUMBER 1. PARAMETERS: TM=575.00,GAM=  0.72,CB=0.78
TYPE 240ZZZ          THERE IS ADDITIONAL LIBRARY SUITABLE PARAMETER SET NUMBER 2. PARAMETERS: TM=585.00,GAM=  0.70,CB=0.80
TYPE 240ZZZ          THERE IS ADDITIONAL LIBRARY SUITABLE PARAMETER SET NUMBER 3. PARAMETERS: TM=561.00,GAM=  0.75,CB=0.80
TYPE 240ZZZ          THERE IS ADDITIONAL LIBRARY SUITABLE PARAMETER SET NUMBER 4. PARAMETERS: TM=393.00,GAM=  0.95,CB=1.00
TYPE 240ZZZ          THERE IS ADDITIONAL LIBRARY SUITABLE PARAMETER SET NUMBER 5. PARAMETERS: TM=300.00,GAM=  1.00,CB=1.20
TYPE 360ZZZ          THERE IS ADDITIONAL LIBRARY SUITABLE PARAMETER SET NUMBER 1. PARAMETERS: TM=575.00,GAM=  0.72,CB=0.78
TYPE 360ZZZ          THERE IS ADDITIONAL LIBRARY SUITABLE PARAMETER SET NUMBER 2. PARAMETERS: TM=585.00,GAM=  0.70,CB=0.80
TYPE 360ZZZ          THERE IS ADDITIONAL LIBRARY SUITABLE PARAMETER SET NUMBER 3. PARAMETERS: TM=561.00,GAM=  0.75,CB=0.80
TYPE 360ZZZ          THERE IS ADDITIONAL LIBRARY SUITABLE PARAMETER SET NUMBER 4. PARAMETERS: TM=393.00,GAM=  0.95,CB=1.00
TYPE 360ZZZ          THERE IS ADDITIONAL LIBRARY SUITABLE PARAMETER SET NUMBER 5. PARAMETERS: TM=300.00,GAM=  1.00,CB=1.20
TYPE 160ZZZ          THERE IS ADDITIONAL LIBRARY SUITABLE PARAMETER SET NUMBER 1. PARAMETERS: TM=575.00,GAM=  0.72,CB=0.78
TYPE 160ZZZ          THERE IS ADDITIONAL LIBRARY SUITABLE PARAMETER SET NUMBER 2. PARAMETERS: TM=585.00,GAM=  0.70,CB=0.80
TYPE 160ZZZ          THERE IS ADDITIONAL LIBRARY SUITABLE PARAMETER SET NUMBER 3. PARAMETERS: TM=561.00,GAM=  0.75,CB=0.80
TYPE 160ZZZ          THERE IS ADDITIONAL LIBRARY SUITABLE PARAMETER SET NUMBER 4. PARAMETERS: TM=393.00,GAM=  0.95,CB=1.00
TYPE 160ZZZ          THERE IS ADDITIONAL LIBRARY SUITABLE PARAMETER SET NUMBER 5. PARAMETERS: TM=300.00,GAM=  1.00,CB=1.20
TYPE CENZ400ZZZ      THERE IS ADDITIONAL LIBRARY SUITABLE PARAMETER SET NUMBER 1. PARAMETERS: TM=575.00,GAM=  0.72,CB=0.78
TYPE CENZ400ZZZ      THERE IS ADDITIONAL LIBRARY SUITABLE PARAMETER SET NUMBER 2. PARAMETERS: TM=585.00,GAM=  0.70,CB=0.80
TYPE CENZ400ZZZ      THERE IS ADDITIONAL LIBRARY SUITABLE PARAMETER SET NUMBER 3. PARAMETERS: TM=561.00,GAM=  0.75,CB=0.80
TYPE CENZ400ZZZ      THERE IS ADDITIONAL LIBRARY SUITABLE PARAMETER SET NUMBER 4. PARAMETERS: TM=393.00,GAM=  0.95,CB=1.00
TYPE CENZ400ZZZ      THERE IS ADDITIONAL LIBRARY SUITABLE PARAMETER SET NUMBER 5. PARAMETERS: TM=300.00,GAM=  1.00,CB=1.20
TYPE CENZ240ZZZ      THERE IS ADDITIONAL LIBRARY SUITABLE PARAMETER SET NUMBER 1. PARAMETERS: TM=575.00,GAM=  0.72,CB=0.78
TYPE CENZ240ZZZ      THERE IS ADDITIONAL LIBRARY SUITABLE PARAMETER SET NUMBER 2. PARAMETERS: TM=585.00,GAM=  0.70,CB=0.80
TYPE CENZ240ZZZ      THERE IS ADDITIONAL LIBRARY SUITABLE PARAMETER SET NUMBER 3. PARAMETERS: TM=561.00,GAM=  0.75,CB=0.80
TYPE CENZ240ZZZ      THERE IS ADDITIONAL LIBRARY SUITABLE PARAMETER SET NUMBER 4. PARAMETERS: TM=393.00,GAM=  0.95,CB=1.00
TYPE CENZ240ZZZ      THERE IS ADDITIONAL LIBRARY SUITABLE PARAMETER SET NUMBER 5. PARAMETERS: TM=300.00,GAM=  1.00,CB=1.20
TYPE CENZ360ZZZ      THERE IS ADDITIONAL LIBRARY SUITABLE PARAMETER SET NUMBER 1. PARAMETERS: TM=575.00,GAM=  0.72,CB=0.78
TYPE CENZ360ZZZ      THERE IS ADDITIONAL LIBRARY SUITABLE PARAMETER SET NUMBER 2. PARAMETERS: TM=585.00,GAM=  0.70,CB=0.80
TYPE CENZ360ZZZ      THERE IS ADDITIONAL LIBRARY SUITABLE PARAMETER SET NUMBER 3. PARAMETERS: TM=561.00,GAM=  0.75,CB=0.80
TYPE CENZ360ZZZ      THERE IS ADDITIONAL LIBRARY SUITABLE PARAMETER SET NUMBER 4. PARAMETERS: TM=393.00,GAM=  0.95,CB=1.00
TYPE CENZ360ZZZ      THERE IS ADDITIONAL LIBRARY SUITABLE PARAMETER SET NUMBER 5. PARAMETERS: TM=300.00,GAM=  1.00,CB=1.20
TYPE CENZ160ZZZ      THERE IS ADDITIONAL LIBRARY SUITABLE PARAMETER SET NUMBER 1. PARAMETERS: TM=575.00,GAM=  0.72,CB=0.78
TYPE CENZ160ZZZ      THERE IS ADDITIONAL LIBRARY SUITABLE PARAMETER SET NUMBER 2. PARAMETERS: TM=585.00,GAM=  0.70,CB=0.80
TYPE CENZ160ZZZ      THERE IS ADDITIONAL LIBRARY SUITABLE PARAMETER SET NUMBER 3. PARAMETERS: TM=561.00,GAM=  0.75,CB=0.80
TYPE CENZ160ZZZ      THERE IS ADDITIONAL LIBRARY SUITABLE PARAMETER SET NUMBER 4. PARAMETERS: TM=393.00,GAM=  0.95,CB=1.00
TYPE CENZ160ZZZ      THERE IS ADDITIONAL LIBRARY SUITABLE PARAMETER SET NUMBER 5. PARAMETERS: TM=300.00,GAM=  1.00,CB=1.20
TYPE GUTZ400ZZZ      THERE IS ADDITIONAL LIBRARY SUITABLE PARAMETER SET NUMBER 1. PARAMETERS: TM=575.00,GAM=  0.72,CB=0.78
TYPE GUTZ400ZZZ      THERE IS ADDITIONAL LIBRARY SUITABLE PARAMETER SET NUMBER 2. PARAMETERS: TM=585.00,GAM=  0.70,CB=0.80
TYPE GUTZ400ZZZ      THERE IS ADDITIONAL LIBRARY SUITABLE PARAMETER SET NUMBER 3. PARAMETERS: TM=561.00,GAM=  0.75,CB=0.80
TYPE GUTZ400ZZZ      THERE IS ADDITIONAL LIBRARY SUITABLE PARAMETER SET NUMBER 4. PARAMETERS: TM=393.00,GAM=  0.95,CB=1.00
TYPE GUTZ400ZZZ      THERE IS ADDITIONAL LIBRARY SUITABLE PARAMETER SET NUMBER 5. PARAMETERS: TM=300.00,GAM=  1.00,CB=1.20
TYPE GUTZ240ZZZ      THERE IS ADDITIONAL LIBRARY SUITABLE PARAMETER SET NUMBER 1. PARAMETERS: TM=575.00,GAM=  0.72,CB=0.78
TYPE GUTZ240ZZZ      THERE IS ADDITIONAL LIBRARY SUITABLE PARAMETER SET NUMBER 2. PARAMETERS: TM=585.00,GAM=  0.70,CB=0.80
TYPE GUTZ240ZZZ      THERE IS ADDITIONAL LIBRARY SUITABLE PARAMETER SET NUMBER 3. PARAMETERS: TM=561.00,GAM=  0.75,CB=0.80
TYPE GUTZ240ZZZ      THERE IS ADDITIONAL LIBRARY SUITABLE PARAMETER SET NUMBER 4. PARAMETERS: TM=393.00,GAM=  0.95,CB=1.00
TYPE GUTZ240ZZZ      THERE IS ADDITIONAL LIBRARY SUITABLE PARAMETER SET NUMBER 5. PARAMETERS: TM=300.00,GAM=  1.00,CB=1.20
TYPE GUTZ360ZZZ      THERE IS ADDITIONAL LIBRARY SUITABLE PARAMETER SET NUMBER 1. PARAMETERS: TM=575.00,GAM=  0.72,CB=0.78
TYPE GUTZ360ZZZ      THERE IS ADDITIONAL LIBRARY SUITABLE PARAMETER SET NUMBER 2. PARAMETERS: TM=585.00,GAM=  0.70,CB=0.80
TYPE GUTZ360ZZZ      THERE IS ADDITIONAL LIBRARY SUITABLE PARAMETER SET NUMBER 3. PARAMETERS: TM=561.00,GAM=  0.75,CB=0.80
TYPE GUTZ360ZZZ      THERE IS ADDITIONAL LIBRARY SUITABLE PARAMETER SET NUMBER 4. PARAMETERS: TM=393.00,GAM=  0.95,CB=1.00
TYPE GUTZ360ZZZ      THERE IS ADDITIONAL LIBRARY SUITABLE PARAMETER SET NUMBER 5. PARAMETERS: TM=300.00,GAM=  1.00,CB=1.20
TYPE GUTZ160ZZZ      THERE IS ADDITIONAL LIBRARY SUITABLE PARAMETER SET NUMBER 1. PARAMETERS: TM=575.00,GAM=  0.72,CB=0.78
TYPE GUTZ160ZZZ      THERE IS ADDITIONAL LIBRARY SUITABLE PARAMETER SET NUMBER 2. PARAMETERS: TM=585.00,GAM=  0.70,CB=0.80
TYPE GUTZ160ZZZ      THERE IS ADDITIONAL LIBRARY SUITABLE PARAMETER SET NUMBER 3. PARAMETERS: TM=561.00,GAM=  0.75,CB=0.80
TYPE GUTZ160ZZZ      THERE IS ADDITIONAL LIBRARY SUITABLE PARAMETER SET NUMBER 4. PARAMETERS: TM=393.00,GAM=  0.95,CB=1.00
TYPE GUTZ160ZZZ      THERE IS ADDITIONAL LIBRARY SUITABLE PARAMETER SET NUMBER 5. PARAMETERS: TM=300.00,GAM=  1.00,CB=1.20
TYPE PLNZZN          THERE IS ADDITIONAL LIBRARY SUITABLE PARAMETER SET NUMBER 1. PARAMETERS: TM=575.00,GAM=  0.72,CB=0.78
TYPE PLNZZN          THERE IS ADDITIONAL LIBRARY SUITABLE PARAMETER SET NUMBER 2. PARAMETERS: TM=585.00,GAM=  0.70,CB=0.80
TYPE PLNZZN          THERE IS ADDITIONAL LIBRARY SUITABLE PARAMETER SET NUMBER 3. PARAMETERS: TM=561.00,GAM=  0.75,CB=0.80
TYPE PLNZZN          THERE IS ADDITIONAL LIBRARY SUITABLE PARAMETER SET NUMBER 4. PARAMETERS: TM=393.00,GAM=  0.95,CB=1.00
TYPE PLNZZN          THERE IS ADDITIONAL LIBRARY SUITABLE PARAMETER SET NUMBER 5. PARAMETERS: TM=300.00,GAM=  1.00,CB=1.20
TYPE P52             THERE IS ADDITIONAL LIBRARY SUITABLE PARAMETER SET NUMBER 1. PARAMETERS: TM=575.00,GAM=  0.72,CB=0.78
TYPE P52             THERE IS ADDITIONAL LIBRARY SUITABLE PARAMETER SET NUMBER 2. PARAMETERS: TM=585.00,GAM=  0.70,CB=0.80
TYPE P52             THERE IS ADDITIONAL LIBRARY SUITABLE PARAMETER SET NUMBER 3. PARAMETERS: TM=561.00,GAM=  0.75,CB=0.80
TYPE P52             THERE IS ADDITIONAL LIBRARY SUITABLE PARAMETER SET NUMBER 4. PARAMETERS: TM=393.00,GAM=  0.95,CB=1.00
TYPE P52             THERE IS ADDITIONAL LIBRARY SUITABLE PARAMETER SET NUMBER 5. PARAMETERS: TM=300.00,GAM=  1.00,CB=1.20
TYPE P72             THERE IS ADDITIONAL LIBRARY SUITABLE PARAMETER SET NUMBER 1. PARAMETERS: TM=575.00,GAM=  0.72,CB=0.78
TYPE P72             THERE IS ADDITIONAL LIBRARY SUITABLE PARAMETER SET NUMBER 2. PARAMETERS: TM=585.00,GAM=  0.70,CB=0.80
TYPE P72             THERE IS ADDITIONAL LIBRARY SUITABLE PARAMETER SET NUMBER 3. PARAMETERS: TM=561.00,GAM=  0.75,CB=0.80
TYPE P72             THERE IS ADDITIONAL LIBRARY SUITABLE PARAMETER SET NUMBER 4. PARAMETERS: TM=393.00,GAM=  0.95,CB=1.00
TYPE P72             THERE IS ADDITIONAL LIBRARY SUITABLE PARAMETER SET NUMBER 5. PARAMETERS: TM=300.00,GAM=  1.00,CB=1.20
TYPE P80             THERE IS ADDITIONAL LIBRARY SUITABLE PARAMETER SET NUMBER 1. PARAMETERS: TM=575.00,GAM=  0.72,CB=0.78
TYPE P80             THERE IS ADDITIONAL LIBRARY SUITABLE PARAMETER SET NUMBER 2. PARAMETERS: TM=585.00,GAM=  0.70,CB=0.80
TYPE P80             THERE IS ADDITIONAL LIBRARY SUITABLE PARAMETER SET NUMBER 3. PARAMETERS: TM=561.00,GAM=  0.75,CB=0.80
TYPE P80             THERE IS ADDITIONAL LIBRARY SUITABLE PARAMETER SET NUMBER 4. PARAMETERS: TM=393.00,GAM=  0.95,CB=1.00
TYPE P80             THERE IS ADDITIONAL LIBRARY SUITABLE PARAMETER SET NUMBER 5. PARAMETERS: TM=300.00,GAM=  1.00,CB=1.20
TYPE P112            THERE IS ADDITIONAL LIBRARY SUITABLE PARAMETER SET NUMBER 1. PARAMETERS: TM=575.00,GAM=  0.72,CB=0.78
TYPE P112            THERE IS ADDITIONAL LIBRARY SUITABLE PARAMETER SET NUMBER 2. PARAMETERS: TM=585.00,GAM=  0.70,CB=0.80
TYPE P112            THERE IS ADDITIONAL LIBRARY SUITABLE PARAMETER SET NUMBER 3. PARAMETERS: TM=561.00,GAM=  0.75,CB=0.80
TYPE P112            THERE IS ADDITIONAL LIBRARY SUITABLE PARAMETER SET NUMBER 4. PARAMETERS: TM=393.00,GAM=  0.95,CB=1.00
TYPE P112            THERE IS ADDITIONAL LIBRARY SUITABLE PARAMETER SET NUMBER 5. PARAMETERS: TM=300.00,GAM=  1.00,CB=1.20
TYPE P92             THERE IS ADDITIONAL LIBRARY SUITABLE PARAMETER SET NUMBER 1. PARAMETERS: TM=575.00,GAM=  0.72,CB=0.78
TYPE P92             THERE IS ADDITIONAL LIBRARY SUITABLE PARAMETER SET NUMBER 2. PARAMETERS: TM=585.00,GAM=  0.70,CB=0.80
TYPE P92             THERE IS ADDITIONAL LIBRARY SUITABLE PARAMETER SET NUMBER 3. PARAMETERS: TM=561.00,GAM=  0.75,CB=0.80
TYPE P92             THERE IS ADDITIONAL LIBRARY SUITABLE PARAMETER SET NUMBER 4. PARAMETERS: TM=393.00,GAM=  0.95,CB=1.00
TYPE P92             THERE IS ADDITIONAL LIBRARY SUITABLE PARAMETER SET NUMBER 5. PARAMETERS: TM=300.00,GAM=  1.00,CB=1.20
TYPE P124            THERE IS ADDITIONAL LIBRARY SUITABLE PARAMETER SET NUMBER 1. PARAMETERS: TM=575.00,GAM=  0.72,CB=0.78
TYPE P124            THERE IS ADDITIONAL LIBRARY SUITABLE PARAMETER SET NUMBER 2. PARAMETERS: TM=585.00,GAM=  0.70,CB=0.80
TYPE P124            THERE IS ADDITIONAL LIBRARY SUITABLE PARAMETER SET NUMBER 3. PARAMETERS: TM=561.00,GAM=  0.75,CB=0.80
TYPE P124            THERE IS ADDITIONAL LIBRARY SUITABLE PARAMETER SET NUMBER 4. PARAMETERS: TM=393.00,GAM=  0.95,CB=1.00
TYPE P124            THERE IS ADDITIONAL LIBRARY SUITABLE PARAMETER SET NUMBER 5. PARAMETERS: TM=300.00,GAM=  1.00,CB=1.20
TYPE CORZZN          THERE IS ADDITIONAL LIBRARY SUITABLE PARAMETER SET NUMBER 1. PARAMETERS: TM=575.00,GAM=  0.72,CB=0.78
TYPE CORZZN          THERE IS ADDITIONAL LIBRARY SUITABLE PARAMETER SET NUMBER 2. PARAMETERS: TM=585.00,GAM=  0.70,CB=0.80
TYPE CORZZN          THERE IS ADDITIONAL LIBRARY SUITABLE PARAMETER SET NUMBER 3. PARAMETERS: TM=561.00,GAM=  0.75,CB=0.80
TYPE CORZZN          THERE IS ADDITIONAL LIBRARY SUITABLE PARAMETER SET NUMBER 4. PARAMETERS: TM=393.00,GAM=  0.95,CB=1.00
TYPE CORZZN          THERE IS ADDITIONAL LIBRARY SUITABLE PARAMETER SET NUMBER 5. PARAMETERS: TM=300.00,GAM=  1.00,CB=1.20
TYPE C760            THERE IS ADDITIONAL LIBRARY SUITABLE PARAMETER SET NUMBER 1. PARAMETERS: TM=575.00,GAM=  0.72,CB=0.78
TYPE C760            THERE IS ADDITIONAL LIBRARY SUITABLE PARAMETER SET NUMBER 2. PARAMETERS: TM=585.00,GAM=  0.70,CB=0.80
TYPE C760            THERE IS ADDITIONAL LIBRARY SUITABLE PARAMETER SET NUMBER 3. PARAMETERS: TM=561.00,GAM=  0.75,CB=0.80
TYPE C760            THERE IS ADDITIONAL LIBRARY SUITABLE PARAMETER SET NUMBER 4. PARAMETERS: TM=393.00,GAM=  0.95,CB=1.00
TYPE C760            THERE IS ADDITIONAL LIBRARY SUITABLE PARAMETER SET NUMBER 5. PARAMETERS: TM=300.00,GAM=  1.00,CB=1.20
TYPE C492            THERE IS ADDITIONAL LIBRARY SUITABLE PARAMETER SET NUMBER 1. PARAMETERS: TM=575.00,GAM=  0.72,CB=0.78
TYPE C492            THERE IS ADDITIONAL LIBRARY SUITABLE PARAMETER SET NUMBER 2. PARAMETERS: TM=585.00,GAM=  0.70,CB=0.80
TYPE C492            THERE IS ADDITIONAL LIBRARY SUITABLE PARAMETER SET NUMBER 3. PARAMETERS: TM=561.00,GAM=  0.75,CB=0.80
TYPE C492            THERE IS ADDITIONAL LIBRARY SUITABLE PARAMETER SET NUMBER 4. PARAMETERS: TM=393.00,GAM=  0.95,CB=1.00
TYPE C492            THERE IS ADDITIONAL LIBRARY SUITABLE PARAMETER SET NUMBER 5. PARAMETERS: TM=300.00,GAM=  1.00,CB=1.20
TYPE C652            THERE IS ADDITIONAL LIBRARY SUITABLE PARAMETER SET NUMBER 1. PARAMETERS: TM=575.00,GAM=  0.72,CB=0.78
TYPE C652            THERE IS ADDITIONAL LIBRARY SUITABLE PARAMETER SET NUMBER 2. PARAMETERS: TM=585.00,GAM=  0.70,CB=0.80
TYPE C652            THERE IS ADDITIONAL LIBRARY SUITABLE PARAMETER SET NUMBER 3. PARAMETERS: TM=561.00,GAM=  0.75,CB=0.80
TYPE C652            THERE IS ADDITIONAL LIBRARY SUITABLE PARAMETER SET NUMBER 4. PARAMETERS: TM=393.00,GAM=  0.95,CB=1.00
TYPE C652            THERE IS ADDITIONAL LIBRARY SUITABLE PARAMETER SET NUMBER 5. PARAMETERS: TM=300.00,GAM=  1.00,CB=1.20
TYPE C384            THERE IS ADDITIONAL LIBRARY SUITABLE PARAMETER SET NUMBER 1. PARAMETERS: TM=575.00,GAM=  0.72,CB=0.78
TYPE C384            THERE IS ADDITIONAL LIBRARY SUITABLE PARAMETER SET NUMBER 2. PARAMETERS: TM=585.00,GAM=  0.70,CB=0.80
TYPE C384            THERE IS ADDITIONAL LIBRARY SUITABLE PARAMETER SET NUMBER 3. PARAMETERS: TM=561.00,GAM=  0.75,CB=0.80
TYPE C384            THERE IS ADDITIONAL LIBRARY SUITABLE PARAMETER SET NUMBER 4. PARAMETERS: TM=393.00,GAM=  0.95,CB=1.00
TYPE C384            THERE IS ADDITIONAL LIBRARY SUITABLE PARAMETER SET NUMBER 5. PARAMETERS: TM=300.00,GAM=  1.00,CB=1.20
TYPE C60             THERE IS ADDITIONAL LIBRARY SUITABLE PARAMETER SET NUMBER 1. PARAMETERS: TM=575.00,GAM=  0.72,CB=0.78
TYPE C60             THERE IS ADDITIONAL LIBRARY SUITABLE PARAMETER SET NUMBER 2. PARAMETERS: TM=585.00,GAM=  0.70,CB=0.80
TYPE C60             THERE IS ADDITIONAL LIBRARY SUITABLE PARAMETER SET NUMBER 3. PARAMETERS: TM=561.00,GAM=  0.75,CB=0.80
TYPE C60             THERE IS ADDITIONAL LIBRARY SUITABLE PARAMETER SET NUMBER 4. PARAMETERS: TM=393.00,GAM=  0.95,CB=1.00
TYPE C60             THERE IS ADDITIONAL LIBRARY SUITABLE PARAMETER SET NUMBER 5. PARAMETERS: TM=300.00,GAM=  1.00,CB=1.20
 END OF INPUT DATA                                                              
                                                                                
                                                                                
                    
